2016-01-14 21:29:18,941 [Worker-15] INFO  o.e.m.c.i.p.ProjectConfigurationManager - Collecting project info '/pom.xml' D:\tools\eclipse\workspaces\instachat-core\core\pom.xml
2016-01-14 21:29:26,821 [Worker-15] INFO  o.e.m.c.i.l.LifecycleMappingFactory - Using org.eclipse.m2e.jdt.JarLifecycleMapping lifecycle mapping for MavenProject: br.com.instachat:core:0.0.1-SNAPSHOT @ D:\tools\eclipse\workspaces\instachat-core\core\pom.xml.
2016-01-14 21:29:29,274 [Worker-15] INFO  o.e.m.j.i.AbstractJavaProjectConfigurator - Adding source folder /core/src/main/java
2016-01-14 21:29:29,275 [Worker-15] INFO  o.e.m.j.i.AbstractJavaProjectConfigurator - Adding source folder /core/src/test/java
2016-01-14 21:29:30,724 [Worker-15] INFO  o.e.m.c.i.p.ProjectConfigurationManager - Imported and configured 1 project(s) in 11 sec
2016-01-14 21:29:31,409 [Worker-17] INFO  o.e.m.c.i.embedder.EclipseLogger - Using 'UTF-8' encoding to copy filtered resources.
2016-01-14 21:29:31,409 [Worker-17] INFO  o.e.m.c.i.embedder.EclipseLogger - skip non existing resourceDirectory D:\tools\eclipse\workspaces\instachat-core\core\src\main\resources
2016-01-14 21:29:31,425 [Worker-17] INFO  o.e.m.c.i.embedder.EclipseLogger - Using 'UTF-8' encoding to copy filtered resources.
2016-01-14 21:29:31,425 [Worker-17] INFO  o.e.m.c.i.embedder.EclipseLogger - skip non existing resourceDirectory D:\tools\eclipse\workspaces\instachat-core\core\src\test\resources
2016-01-14 21:30:56,771 [Worker-2] INFO  o.e.m.c.i.l.LifecycleMappingFactory - Using org.eclipse.m2e.jdt.JarLifecycleMapping lifecycle mapping for MavenProject: br.com.instachat:core:0.0.1-SNAPSHOT @ D:\tools\eclipse\workspaces\instachat-core\core\pom.xml.
2016-01-14 21:31:00,001 [Worker-2] INFO  o.e.m.c.i.embedder.EclipseLogger - Using 'UTF-8' encoding to copy filtered resources.
2016-01-14 21:31:00,001 [Worker-2] INFO  o.e.m.c.i.embedder.EclipseLogger - skip non existing resourceDirectory D:\tools\eclipse\workspaces\instachat-core\core\src\main\resources
2016-01-14 21:31:00,001 [Worker-2] INFO  o.e.m.c.i.embedder.EclipseLogger - skip non existing resourceDirectory D:\tools\eclipse\workspaces\instachat-core\core\src\main\resources
2016-01-14 21:31:00,001 [Worker-2] INFO  o.e.m.c.i.embedder.EclipseLogger - Using 'UTF-8' encoding to copy filtered resources.
2016-01-14 21:31:00,001 [Worker-2] INFO  o.e.m.c.i.embedder.EclipseLogger - skip non existing resourceDirectory D:\tools\eclipse\workspaces\instachat-core\core\src\test\resources
2016-01-14 21:31:03,563 [Worker-2] INFO  o.e.m.c.i.embedder.EclipseLogger - Using 'UTF-8' encoding to copy filtered resources.
2016-01-14 21:31:03,563 [Worker-2] INFO  o.e.m.c.i.embedder.EclipseLogger - skip non existing resourceDirectory D:\tools\eclipse\workspaces\instachat-core\core\src\main\resources
2016-01-14 21:31:03,563 [Worker-2] INFO  o.e.m.c.i.embedder.EclipseLogger - skip non existing resourceDirectory D:\tools\eclipse\workspaces\instachat-core\core\src\main\resources
2016-01-14 21:31:03,563 [Worker-2] INFO  o.e.m.c.i.embedder.EclipseLogger - Using 'UTF-8' encoding to copy filtered resources.
2016-01-14 21:31:03,695 [Worker-2] INFO  o.e.m.c.i.embedder.EclipseLogger - skip non existing resourceDirectory D:\tools\eclipse\workspaces\instachat-core\core\src\test\resources
2016-01-14 21:31:36,506 [Worker-15] INFO  o.e.m.c.i.p.ProjectConfigurationManager - Update started
2016-01-14 21:31:46,353 [Worker-15] INFO  o.e.m.c.i.l.LifecycleMappingFactory - Using org.eclipse.m2e.jdt.JarLifecycleMapping lifecycle mapping for MavenProject: br.com.instachat:core:0.0.1-SNAPSHOT @ D:\tools\eclipse\workspaces\instachat-core\core\pom.xml.
2016-01-14 21:31:50,075 [Worker-15] INFO  o.e.m.j.i.AbstractJavaProjectConfigurator - Adding source folder /core/src/main/java
2016-01-14 21:31:50,075 [Worker-15] INFO  o.e.m.j.i.AbstractJavaProjectConfigurator - Adding source folder /core/src/test/java
2016-01-14 21:31:52,316 [Worker-15] INFO  o.e.m.c.i.p.ProjectConfigurationManager - Update completed: 15 sec
2016-01-14 21:31:55,799 [Worker-19] INFO  o.e.m.c.i.embedder.EclipseLogger - Using 'UTF-8' encoding to copy filtered resources.
2016-01-14 21:31:55,799 [Worker-19] INFO  o.e.m.c.i.embedder.EclipseLogger - skip non existing resourceDirectory D:\tools\eclipse\workspaces\instachat-core\core\src\main\resources
2016-01-14 21:31:55,799 [Worker-19] INFO  o.e.m.c.i.embedder.EclipseLogger - skip non existing resourceDirectory D:\tools\eclipse\workspaces\instachat-core\core\src\main\resources
2016-01-14 21:31:55,799 [Worker-19] INFO  o.e.m.c.i.embedder.EclipseLogger - Using 'UTF-8' encoding to copy filtered resources.
2016-01-14 21:31:55,799 [Worker-19] INFO  o.e.m.c.i.embedder.EclipseLogger - skip non existing resourceDirectory D:\tools\eclipse\workspaces\instachat-core\core\src\test\resources
2016-01-14 21:32:24,964 [Worker-19] INFO  o.e.m.c.i.embedder.EclipseLogger - Using 'UTF-8' encoding to copy filtered resources.
2016-01-14 21:32:24,964 [Worker-19] INFO  o.e.m.c.i.embedder.EclipseLogger - skip non existing resourceDirectory D:\tools\eclipse\workspaces\instachat-core\core\src\main\resources
2016-01-14 21:32:24,964 [Worker-19] INFO  o.e.m.c.i.embedder.EclipseLogger - skip non existing resourceDirectory D:\tools\eclipse\workspaces\instachat-core\core\src\main\resources
2016-01-14 21:32:24,964 [Worker-19] INFO  o.e.m.c.i.embedder.EclipseLogger - Using 'UTF-8' encoding to copy filtered resources.
2016-01-14 21:32:24,964 [Worker-19] INFO  o.e.m.c.i.embedder.EclipseLogger - skip non existing resourceDirectory D:\tools\eclipse\workspaces\instachat-core\core\src\test\resources
2016-01-14 21:32:26,716 [Worker-20] INFO  o.e.m.c.i.embedder.EclipseLogger - Using 'UTF-8' encoding to copy filtered resources.
2016-01-14 21:32:26,716 [Worker-20] INFO  o.e.m.c.i.embedder.EclipseLogger - skip non existing resourceDirectory D:\tools\eclipse\workspaces\instachat-core\core\src\main\resources
2016-01-14 21:32:26,716 [Worker-20] INFO  o.e.m.c.i.embedder.EclipseLogger - skip non existing resourceDirectory D:\tools\eclipse\workspaces\instachat-core\core\src\main\resources
2016-01-14 21:32:26,716 [Worker-20] INFO  o.e.m.c.i.embedder.EclipseLogger - Using 'UTF-8' encoding to copy filtered resources.
2016-01-14 21:32:26,716 [Worker-20] INFO  o.e.m.c.i.embedder.EclipseLogger - skip non existing resourceDirectory D:\tools\eclipse\workspaces\instachat-core\core\src\test\resources
2016-01-14 21:33:02,472 [Worker-19] INFO  o.e.m.c.i.embedder.EclipseLogger - Using 'UTF-8' encoding to copy filtered resources.
2016-01-14 21:33:02,472 [Worker-19] INFO  o.e.m.c.i.embedder.EclipseLogger - skip non existing resourceDirectory D:\tools\eclipse\workspaces\instachat-core\core\src\main\resources
2016-01-14 21:33:02,472 [Worker-19] INFO  o.e.m.c.i.embedder.EclipseLogger - skip non existing resourceDirectory D:\tools\eclipse\workspaces\instachat-core\core\src\main\resources
2016-01-14 21:33:02,472 [Worker-19] INFO  o.e.m.c.i.embedder.EclipseLogger - Using 'UTF-8' encoding to copy filtered resources.
2016-01-14 21:33:02,472 [Worker-19] INFO  o.e.m.c.i.embedder.EclipseLogger - skip non existing resourceDirectory D:\tools\eclipse\workspaces\instachat-core\core\src\test\resources
2016-01-14 21:33:06,147 [Worker-18] INFO  o.e.m.c.i.embedder.EclipseLogger - Using 'UTF-8' encoding to copy filtered resources.
2016-01-14 21:33:06,147 [Worker-18] INFO  o.e.m.c.i.embedder.EclipseLogger - skip non existing resourceDirectory D:\tools\eclipse\workspaces\instachat-core\core\src\main\resources
2016-01-14 21:33:06,147 [Worker-18] INFO  o.e.m.c.i.embedder.EclipseLogger - skip non existing resourceDirectory D:\tools\eclipse\workspaces\instachat-core\core\src\main\resources
2016-01-14 21:33:06,147 [Worker-18] INFO  o.e.m.c.i.embedder.EclipseLogger - Using 'UTF-8' encoding to copy filtered resources.
2016-01-14 21:33:06,147 [Worker-18] INFO  o.e.m.c.i.embedder.EclipseLogger - skip non existing resourceDirectory D:\tools\eclipse\workspaces\instachat-core\core\src\test\resources
2016-01-14 21:33:14,497 [Worker-17] INFO  o.e.m.c.i.embedder.EclipseLogger - Using 'UTF-8' encoding to copy filtered resources.
2016-01-14 21:33:14,497 [Worker-17] INFO  o.e.m.c.i.embedder.EclipseLogger - skip non existing resourceDirectory D:\tools\eclipse\workspaces\instachat-core\core\src\main\resources
2016-01-14 21:33:14,497 [Worker-17] INFO  o.e.m.c.i.embedder.EclipseLogger - skip non existing resourceDirectory D:\tools\eclipse\workspaces\instachat-core\core\src\main\resources
2016-01-14 21:33:14,497 [Worker-17] INFO  o.e.m.c.i.embedder.EclipseLogger - Using 'UTF-8' encoding to copy filtered resources.
2016-01-14 21:33:14,497 [Worker-17] INFO  o.e.m.c.i.embedder.EclipseLogger - skip non existing resourceDirectory D:\tools\eclipse\workspaces\instachat-core\core\src\test\resources
2016-01-14 21:33:18,237 [Worker-18] INFO  o.e.m.c.i.embedder.EclipseLogger - Using 'UTF-8' encoding to copy filtered resources.
2016-01-14 21:33:18,237 [Worker-18] INFO  o.e.m.c.i.embedder.EclipseLogger - skip non existing resourceDirectory D:\tools\eclipse\workspaces\instachat-core\core\src\main\resources
2016-01-14 21:33:18,237 [Worker-18] INFO  o.e.m.c.i.embedder.EclipseLogger - skip non existing resourceDirectory D:\tools\eclipse\workspaces\instachat-core\core\src\main\resources
2016-01-14 21:33:18,237 [Worker-18] INFO  o.e.m.c.i.embedder.EclipseLogger - Using 'UTF-8' encoding to copy filtered resources.
2016-01-14 21:33:18,237 [Worker-18] INFO  o.e.m.c.i.embedder.EclipseLogger - skip non existing resourceDirectory D:\tools\eclipse\workspaces\instachat-core\core\src\test\resources
2016-01-14 21:33:23,615 [Worker-19] INFO  o.e.m.c.i.embedder.EclipseLogger - Using 'UTF-8' encoding to copy filtered resources.
2016-01-14 21:33:23,615 [Worker-19] INFO  o.e.m.c.i.embedder.EclipseLogger - skip non existing resourceDirectory D:\tools\eclipse\workspaces\instachat-core\core\src\main\resources
2016-01-14 21:33:23,615 [Worker-19] INFO  o.e.m.c.i.embedder.EclipseLogger - skip non existing resourceDirectory D:\tools\eclipse\workspaces\instachat-core\core\src\main\resources
2016-01-14 21:33:23,615 [Worker-19] INFO  o.e.m.c.i.embedder.EclipseLogger - Using 'UTF-8' encoding to copy filtered resources.
2016-01-14 21:33:23,615 [Worker-19] INFO  o.e.m.c.i.embedder.EclipseLogger - skip non existing resourceDirectory D:\tools\eclipse\workspaces\instachat-core\core\src\test\resources
2016-01-14 21:33:35,965 [Worker-20] INFO  o.e.m.c.i.embedder.EclipseLogger - Using 'UTF-8' encoding to copy filtered resources.
2016-01-14 21:33:35,965 [Worker-20] INFO  o.e.m.c.i.embedder.EclipseLogger - skip non existing resourceDirectory D:\tools\eclipse\workspaces\instachat-core\core\src\main\resources
2016-01-14 21:33:35,965 [Worker-20] INFO  o.e.m.c.i.embedder.EclipseLogger - skip non existing resourceDirectory D:\tools\eclipse\workspaces\instachat-core\core\src\main\resources
2016-01-14 21:33:35,965 [Worker-20] INFO  o.e.m.c.i.embedder.EclipseLogger - Using 'UTF-8' encoding to copy filtered resources.
2016-01-14 21:33:35,965 [Worker-20] INFO  o.e.m.c.i.embedder.EclipseLogger - skip non existing resourceDirectory D:\tools\eclipse\workspaces\instachat-core\core\src\test\resources
2016-01-14 21:33:55,903 [Worker-18] INFO  o.e.m.c.i.embedder.EclipseLogger - Using 'UTF-8' encoding to copy filtered resources.
2016-01-14 21:33:55,903 [Worker-18] INFO  o.e.m.c.i.embedder.EclipseLogger - skip non existing resourceDirectory D:\tools\eclipse\workspaces\instachat-core\core\src\main\resources
2016-01-14 21:33:55,903 [Worker-18] INFO  o.e.m.c.i.embedder.EclipseLogger - skip non existing resourceDirectory D:\tools\eclipse\workspaces\instachat-core\core\src\main\resources
2016-01-14 21:33:55,903 [Worker-18] INFO  o.e.m.c.i.embedder.EclipseLogger - Using 'UTF-8' encoding to copy filtered resources.
2016-01-14 21:33:55,903 [Worker-18] INFO  o.e.m.c.i.embedder.EclipseLogger - skip non existing resourceDirectory D:\tools\eclipse\workspaces\instachat-core\core\src\test\resources
2016-01-14 21:34:09,824 [Worker-17] INFO  o.e.m.c.i.embedder.EclipseLogger - Using 'UTF-8' encoding to copy filtered resources.
2016-01-14 21:34:09,824 [Worker-17] INFO  o.e.m.c.i.embedder.EclipseLogger - skip non existing resourceDirectory D:\tools\eclipse\workspaces\instachat-core\core\src\main\resources
2016-01-14 21:34:09,824 [Worker-17] INFO  o.e.m.c.i.embedder.EclipseLogger - skip non existing resourceDirectory D:\tools\eclipse\workspaces\instachat-core\core\src\main\resources
2016-01-14 21:34:09,824 [Worker-17] INFO  o.e.m.c.i.embedder.EclipseLogger - Using 'UTF-8' encoding to copy filtered resources.
2016-01-14 21:34:09,824 [Worker-17] INFO  o.e.m.c.i.embedder.EclipseLogger - skip non existing resourceDirectory D:\tools\eclipse\workspaces\instachat-core\core\src\test\resources
2016-01-14 21:34:29,379 [Worker-18] INFO  o.e.m.c.i.embedder.EclipseLogger - Using 'UTF-8' encoding to copy filtered resources.
2016-01-14 21:34:29,379 [Worker-18] INFO  o.e.m.c.i.embedder.EclipseLogger - skip non existing resourceDirectory D:\tools\eclipse\workspaces\instachat-core\core\src\main\resources
2016-01-14 21:34:29,379 [Worker-18] INFO  o.e.m.c.i.embedder.EclipseLogger - skip non existing resourceDirectory D:\tools\eclipse\workspaces\instachat-core\core\src\main\resources
2016-01-14 21:34:29,379 [Worker-18] INFO  o.e.m.c.i.embedder.EclipseLogger - Using 'UTF-8' encoding to copy filtered resources.
2016-01-14 21:34:29,379 [Worker-18] INFO  o.e.m.c.i.embedder.EclipseLogger - skip non existing resourceDirectory D:\tools\eclipse\workspaces\instachat-core\core\src\test\resources
2016-01-14 21:34:35,260 [Worker-17] INFO  o.e.m.c.i.embedder.EclipseLogger - Using 'UTF-8' encoding to copy filtered resources.
2016-01-14 21:34:35,260 [Worker-17] INFO  o.e.m.c.i.embedder.EclipseLogger - skip non existing resourceDirectory D:\tools\eclipse\workspaces\instachat-core\core\src\main\resources
2016-01-14 21:34:35,260 [Worker-17] INFO  o.e.m.c.i.embedder.EclipseLogger - skip non existing resourceDirectory D:\tools\eclipse\workspaces\instachat-core\core\src\main\resources
2016-01-14 21:34:35,260 [Worker-17] INFO  o.e.m.c.i.embedder.EclipseLogger - Using 'UTF-8' encoding to copy filtered resources.
2016-01-14 21:34:35,260 [Worker-17] INFO  o.e.m.c.i.embedder.EclipseLogger - skip non existing resourceDirectory D:\tools\eclipse\workspaces\instachat-core\core\src\test\resources
2016-01-14 21:35:14,866 [Worker-15] INFO  o.e.m.c.i.embedder.EclipseLogger - Using 'UTF-8' encoding to copy filtered resources.
2016-01-14 21:35:14,866 [Worker-15] INFO  o.e.m.c.i.embedder.EclipseLogger - skip non existing resourceDirectory D:\tools\eclipse\workspaces\instachat-core\core\src\main\resources
2016-01-14 21:35:14,866 [Worker-15] INFO  o.e.m.c.i.embedder.EclipseLogger - skip non existing resourceDirectory D:\tools\eclipse\workspaces\instachat-core\core\src\main\resources
2016-01-14 21:35:14,882 [Worker-15] INFO  o.e.m.c.i.embedder.EclipseLogger - Using 'UTF-8' encoding to copy filtered resources.
2016-01-14 21:35:14,882 [Worker-15] INFO  o.e.m.c.i.embedder.EclipseLogger - skip non existing resourceDirectory D:\tools\eclipse\workspaces\instachat-core\core\src\test\resources
2016-01-14 21:35:22,702 [Worker-17] INFO  o.e.m.c.i.embedder.EclipseLogger - Using 'UTF-8' encoding to copy filtered resources.
2016-01-14 21:35:22,702 [Worker-17] INFO  o.e.m.c.i.embedder.EclipseLogger - skip non existing resourceDirectory D:\tools\eclipse\workspaces\instachat-core\core\src\main\resources
2016-01-14 21:35:22,702 [Worker-17] INFO  o.e.m.c.i.embedder.EclipseLogger - skip non existing resourceDirectory D:\tools\eclipse\workspaces\instachat-core\core\src\main\resources
2016-01-14 21:35:22,702 [Worker-17] INFO  o.e.m.c.i.embedder.EclipseLogger - Using 'UTF-8' encoding to copy filtered resources.
2016-01-14 21:35:22,702 [Worker-17] INFO  o.e.m.c.i.embedder.EclipseLogger - skip non existing resourceDirectory D:\tools\eclipse\workspaces\instachat-core\core\src\test\resources
2016-01-14 21:35:30,366 [Worker-18] INFO  o.e.m.c.i.embedder.EclipseLogger - Using 'UTF-8' encoding to copy filtered resources.
2016-01-14 21:35:30,366 [Worker-18] INFO  o.e.m.c.i.embedder.EclipseLogger - skip non existing resourceDirectory D:\tools\eclipse\workspaces\instachat-core\core\src\main\resources
2016-01-14 21:35:30,366 [Worker-18] INFO  o.e.m.c.i.embedder.EclipseLogger - skip non existing resourceDirectory D:\tools\eclipse\workspaces\instachat-core\core\src\main\resources
2016-01-14 21:35:30,366 [Worker-18] INFO  o.e.m.c.i.embedder.EclipseLogger - Using 'UTF-8' encoding to copy filtered resources.
2016-01-14 21:35:30,366 [Worker-18] INFO  o.e.m.c.i.embedder.EclipseLogger - skip non existing resourceDirectory D:\tools\eclipse\workspaces\instachat-core\core\src\test\resources
2016-01-14 21:36:15,932 [Worker-19] INFO  o.e.m.c.i.embedder.EclipseLogger - Using 'UTF-8' encoding to copy filtered resources.
2016-01-14 21:36:15,932 [Worker-19] INFO  o.e.m.c.i.embedder.EclipseLogger - skip non existing resourceDirectory D:\tools\eclipse\workspaces\instachat-core\core\src\main\resources
2016-01-14 21:36:15,932 [Worker-19] INFO  o.e.m.c.i.embedder.EclipseLogger - skip non existing resourceDirectory D:\tools\eclipse\workspaces\instachat-core\core\src\main\resources
2016-01-14 21:36:15,932 [Worker-19] INFO  o.e.m.c.i.embedder.EclipseLogger - Using 'UTF-8' encoding to copy filtered resources.
2016-01-14 21:36:15,932 [Worker-19] INFO  o.e.m.c.i.embedder.EclipseLogger - skip non existing resourceDirectory D:\tools\eclipse\workspaces\instachat-core\core\src\test\resources
2016-01-14 21:36:27,351 [Worker-2] INFO  o.e.m.c.i.embedder.EclipseLogger - Using 'UTF-8' encoding to copy filtered resources.
2016-01-14 21:36:27,351 [Worker-2] INFO  o.e.m.c.i.embedder.EclipseLogger - skip non existing resourceDirectory D:\tools\eclipse\workspaces\instachat-core\core\src\main\resources
2016-01-14 21:36:27,351 [Worker-2] INFO  o.e.m.c.i.embedder.EclipseLogger - skip non existing resourceDirectory D:\tools\eclipse\workspaces\instachat-core\core\src\main\resources
2016-01-14 21:36:27,351 [Worker-2] INFO  o.e.m.c.i.embedder.EclipseLogger - Using 'UTF-8' encoding to copy filtered resources.
2016-01-14 21:36:27,351 [Worker-2] INFO  o.e.m.c.i.embedder.EclipseLogger - skip non existing resourceDirectory D:\tools\eclipse\workspaces\instachat-core\core\src\test\resources
2016-01-14 21:37:31,219 [Worker-20] INFO  o.e.m.c.i.embedder.EclipseLogger - Using 'UTF-8' encoding to copy filtered resources.
2016-01-14 21:37:31,219 [Worker-20] INFO  o.e.m.c.i.embedder.EclipseLogger - skip non existing resourceDirectory D:\tools\eclipse\workspaces\instachat-core\core\src\main\resources
2016-01-14 21:37:31,219 [Worker-20] INFO  o.e.m.c.i.embedder.EclipseLogger - skip non existing resourceDirectory D:\tools\eclipse\workspaces\instachat-core\core\src\main\resources
2016-01-14 21:37:31,219 [Worker-20] INFO  o.e.m.c.i.embedder.EclipseLogger - Using 'UTF-8' encoding to copy filtered resources.
2016-01-14 21:37:31,219 [Worker-20] INFO  o.e.m.c.i.embedder.EclipseLogger - skip non existing resourceDirectory D:\tools\eclipse\workspaces\instachat-core\core\src\test\resources
2016-01-14 21:37:32,403 [Worker-2] INFO  o.e.m.c.i.embedder.EclipseLogger - Using 'UTF-8' encoding to copy filtered resources.
2016-01-14 21:37:32,403 [Worker-2] INFO  o.e.m.c.i.embedder.EclipseLogger - skip non existing resourceDirectory D:\tools\eclipse\workspaces\instachat-core\core\src\main\resources
2016-01-14 21:37:32,403 [Worker-2] INFO  o.e.m.c.i.embedder.EclipseLogger - skip non existing resourceDirectory D:\tools\eclipse\workspaces\instachat-core\core\src\main\resources
2016-01-14 21:37:32,405 [Worker-2] INFO  o.e.m.c.i.embedder.EclipseLogger - Using 'UTF-8' encoding to copy filtered resources.
2016-01-14 21:37:32,405 [Worker-2] INFO  o.e.m.c.i.embedder.EclipseLogger - skip non existing resourceDirectory D:\tools\eclipse\workspaces\instachat-core\core\src\test\resources
2016-01-14 21:37:51,104 [Worker-20] INFO  o.e.m.c.i.embedder.EclipseLogger - Using 'UTF-8' encoding to copy filtered resources.
2016-01-14 21:37:51,119 [Worker-20] INFO  o.e.m.c.i.embedder.EclipseLogger - skip non existing resourceDirectory D:\tools\eclipse\workspaces\instachat-core\core\src\main\resources
2016-01-14 21:37:51,119 [Worker-20] INFO  o.e.m.c.i.embedder.EclipseLogger - skip non existing resourceDirectory D:\tools\eclipse\workspaces\instachat-core\core\src\main\resources
2016-01-14 21:37:51,119 [Worker-20] INFO  o.e.m.c.i.embedder.EclipseLogger - Using 'UTF-8' encoding to copy filtered resources.
2016-01-14 21:37:51,119 [Worker-20] INFO  o.e.m.c.i.embedder.EclipseLogger - skip non existing resourceDirectory D:\tools\eclipse\workspaces\instachat-core\core\src\test\resources
2016-01-14 21:37:52,152 [Worker-22] INFO  o.e.m.c.i.embedder.EclipseLogger - Using 'UTF-8' encoding to copy filtered resources.
2016-01-14 21:37:52,152 [Worker-22] INFO  o.e.m.c.i.embedder.EclipseLogger - skip non existing resourceDirectory D:\tools\eclipse\workspaces\instachat-core\core\src\main\resources
2016-01-14 21:37:52,152 [Worker-22] INFO  o.e.m.c.i.embedder.EclipseLogger - skip non existing resourceDirectory D:\tools\eclipse\workspaces\instachat-core\core\src\main\resources
2016-01-14 21:37:52,153 [Worker-22] INFO  o.e.m.c.i.embedder.EclipseLogger - Using 'UTF-8' encoding to copy filtered resources.
2016-01-14 21:37:52,153 [Worker-22] INFO  o.e.m.c.i.embedder.EclipseLogger - skip non existing resourceDirectory D:\tools\eclipse\workspaces\instachat-core\core\src\test\resources
2016-01-14 21:38:53,435 [Worker-20] INFO  o.e.m.c.i.embedder.EclipseLogger - Using 'UTF-8' encoding to copy filtered resources.
2016-01-14 21:38:53,435 [Worker-20] INFO  o.e.m.c.i.embedder.EclipseLogger - skip non existing resourceDirectory D:\tools\eclipse\workspaces\instachat-core\core\src\main\resources
2016-01-14 21:38:53,435 [Worker-20] INFO  o.e.m.c.i.embedder.EclipseLogger - skip non existing resourceDirectory D:\tools\eclipse\workspaces\instachat-core\core\src\main\resources
2016-01-14 21:38:53,435 [Worker-20] INFO  o.e.m.c.i.embedder.EclipseLogger - Using 'UTF-8' encoding to copy filtered resources.
2016-01-14 21:38:53,435 [Worker-20] INFO  o.e.m.c.i.embedder.EclipseLogger - skip non existing resourceDirectory D:\tools\eclipse\workspaces\instachat-core\core\src\test\resources
2016-01-14 21:38:54,471 [Worker-19] INFO  o.e.m.c.i.embedder.EclipseLogger - Using 'UTF-8' encoding to copy filtered resources.
2016-01-14 21:38:54,471 [Worker-19] INFO  o.e.m.c.i.embedder.EclipseLogger - skip non existing resourceDirectory D:\tools\eclipse\workspaces\instachat-core\core\src\main\resources
2016-01-14 21:38:54,471 [Worker-19] INFO  o.e.m.c.i.embedder.EclipseLogger - skip non existing resourceDirectory D:\tools\eclipse\workspaces\instachat-core\core\src\main\resources
2016-01-14 21:38:54,471 [Worker-19] INFO  o.e.m.c.i.embedder.EclipseLogger - Using 'UTF-8' encoding to copy filtered resources.
2016-01-14 21:38:54,471 [Worker-19] INFO  o.e.m.c.i.embedder.EclipseLogger - skip non existing resourceDirectory D:\tools\eclipse\workspaces\instachat-core\core\src\test\resources
2016-01-14 21:40:41,722 [Worker-22] INFO  o.e.m.c.i.embedder.EclipseLogger - Using 'UTF-8' encoding to copy filtered resources.
2016-01-14 21:40:41,722 [Worker-22] INFO  o.e.m.c.i.embedder.EclipseLogger - skip non existing resourceDirectory D:\tools\eclipse\workspaces\instachat-core\core\src\main\resources
2016-01-14 21:40:41,722 [Worker-22] INFO  o.e.m.c.i.embedder.EclipseLogger - skip non existing resourceDirectory D:\tools\eclipse\workspaces\instachat-core\core\src\main\resources
2016-01-14 21:40:41,722 [Worker-22] INFO  o.e.m.c.i.embedder.EclipseLogger - Using 'UTF-8' encoding to copy filtered resources.
2016-01-14 21:40:41,722 [Worker-22] INFO  o.e.m.c.i.embedder.EclipseLogger - skip non existing resourceDirectory D:\tools\eclipse\workspaces\instachat-core\core\src\test\resources
2016-01-14 21:40:50,310 [Worker-20] INFO  o.e.m.c.i.embedder.EclipseLogger - Using 'UTF-8' encoding to copy filtered resources.
2016-01-14 21:40:50,310 [Worker-20] INFO  o.e.m.c.i.embedder.EclipseLogger - skip non existing resourceDirectory D:\tools\eclipse\workspaces\instachat-core\core\src\main\resources
2016-01-14 21:40:50,310 [Worker-20] INFO  o.e.m.c.i.embedder.EclipseLogger - skip non existing resourceDirectory D:\tools\eclipse\workspaces\instachat-core\core\src\main\resources
2016-01-14 21:40:50,310 [Worker-20] INFO  o.e.m.c.i.embedder.EclipseLogger - Using 'UTF-8' encoding to copy filtered resources.
2016-01-14 21:40:50,310 [Worker-20] INFO  o.e.m.c.i.embedder.EclipseLogger - skip non existing resourceDirectory D:\tools\eclipse\workspaces\instachat-core\core\src\test\resources
2016-01-14 21:40:51,355 [Worker-20] INFO  o.e.m.c.i.embedder.EclipseLogger - Using 'UTF-8' encoding to copy filtered resources.
2016-01-14 21:40:51,355 [Worker-20] INFO  o.e.m.c.i.embedder.EclipseLogger - skip non existing resourceDirectory D:\tools\eclipse\workspaces\instachat-core\core\src\main\resources
2016-01-14 21:40:51,355 [Worker-20] INFO  o.e.m.c.i.embedder.EclipseLogger - skip non existing resourceDirectory D:\tools\eclipse\workspaces\instachat-core\core\src\main\resources
2016-01-14 21:40:51,355 [Worker-20] INFO  o.e.m.c.i.embedder.EclipseLogger - Using 'UTF-8' encoding to copy filtered resources.
2016-01-14 21:40:51,355 [Worker-20] INFO  o.e.m.c.i.embedder.EclipseLogger - skip non existing resourceDirectory D:\tools\eclipse\workspaces\instachat-core\core\src\test\resources
2016-01-14 21:41:12,143 [Worker-23] INFO  o.e.m.c.i.embedder.EclipseLogger - Using 'UTF-8' encoding to copy filtered resources.
2016-01-14 21:41:12,145 [Worker-23] INFO  o.e.m.c.i.embedder.EclipseLogger - skip non existing resourceDirectory D:\tools\eclipse\workspaces\instachat-core\core\src\main\resources
2016-01-14 21:41:12,145 [Worker-23] INFO  o.e.m.c.i.embedder.EclipseLogger - skip non existing resourceDirectory D:\tools\eclipse\workspaces\instachat-core\core\src\main\resources
2016-01-14 21:41:12,147 [Worker-23] INFO  o.e.m.c.i.embedder.EclipseLogger - Using 'UTF-8' encoding to copy filtered resources.
2016-01-14 21:41:12,147 [Worker-23] INFO  o.e.m.c.i.embedder.EclipseLogger - skip non existing resourceDirectory D:\tools\eclipse\workspaces\instachat-core\core\src\test\resources
2016-01-14 21:42:35,784 [Worker-22] INFO  o.e.m.c.i.embedder.EclipseLogger - Using 'UTF-8' encoding to copy filtered resources.
2016-01-14 21:42:35,784 [Worker-22] INFO  o.e.m.c.i.embedder.EclipseLogger - skip non existing resourceDirectory D:\tools\eclipse\workspaces\instachat-core\core\src\main\resources
2016-01-14 21:42:35,785 [Worker-22] INFO  o.e.m.c.i.embedder.EclipseLogger - skip non existing resourceDirectory D:\tools\eclipse\workspaces\instachat-core\core\src\main\resources
2016-01-14 21:42:35,786 [Worker-22] INFO  o.e.m.c.i.embedder.EclipseLogger - Using 'UTF-8' encoding to copy filtered resources.
2016-01-14 21:42:35,786 [Worker-22] INFO  o.e.m.c.i.embedder.EclipseLogger - skip non existing resourceDirectory D:\tools\eclipse\workspaces\instachat-core\core\src\test\resources
2016-01-14 21:42:36,818 [Worker-2] INFO  o.e.m.c.i.embedder.EclipseLogger - Using 'UTF-8' encoding to copy filtered resources.
2016-01-14 21:42:36,818 [Worker-2] INFO  o.e.m.c.i.embedder.EclipseLogger - skip non existing resourceDirectory D:\tools\eclipse\workspaces\instachat-core\core\src\main\resources
2016-01-14 21:42:36,818 [Worker-2] INFO  o.e.m.c.i.embedder.EclipseLogger - skip non existing resourceDirectory D:\tools\eclipse\workspaces\instachat-core\core\src\main\resources
2016-01-14 21:42:36,818 [Worker-2] INFO  o.e.m.c.i.embedder.EclipseLogger - Using 'UTF-8' encoding to copy filtered resources.
2016-01-14 21:42:36,818 [Worker-2] INFO  o.e.m.c.i.embedder.EclipseLogger - skip non existing resourceDirectory D:\tools\eclipse\workspaces\instachat-core\core\src\test\resources
2016-01-14 21:42:39,740 [Worker-2] INFO  o.e.m.c.i.embedder.EclipseLogger - Using 'UTF-8' encoding to copy filtered resources.
2016-01-14 21:42:39,740 [Worker-2] INFO  o.e.m.c.i.embedder.EclipseLogger - skip non existing resourceDirectory D:\tools\eclipse\workspaces\instachat-core\core\src\main\resources
2016-01-14 21:42:39,740 [Worker-2] INFO  o.e.m.c.i.embedder.EclipseLogger - skip non existing resourceDirectory D:\tools\eclipse\workspaces\instachat-core\core\src\main\resources
2016-01-14 21:42:39,740 [Worker-2] INFO  o.e.m.c.i.embedder.EclipseLogger - Using 'UTF-8' encoding to copy filtered resources.
2016-01-14 21:42:39,740 [Worker-2] INFO  o.e.m.c.i.embedder.EclipseLogger - skip non existing resourceDirectory D:\tools\eclipse\workspaces\instachat-core\core\src\test\resources
2016-01-14 21:42:42,127 [Worker-15] INFO  o.e.m.c.i.embedder.EclipseLogger - Using 'UTF-8' encoding to copy filtered resources.
2016-01-14 21:42:42,127 [Worker-15] INFO  o.e.m.c.i.embedder.EclipseLogger - skip non existing resourceDirectory D:\tools\eclipse\workspaces\instachat-core\core\src\main\resources
2016-01-14 21:42:42,127 [Worker-15] INFO  o.e.m.c.i.embedder.EclipseLogger - skip non existing resourceDirectory D:\tools\eclipse\workspaces\instachat-core\core\src\main\resources
2016-01-14 21:42:42,129 [Worker-15] INFO  o.e.m.c.i.embedder.EclipseLogger - Using 'UTF-8' encoding to copy filtered resources.
2016-01-14 21:42:42,129 [Worker-15] INFO  o.e.m.c.i.embedder.EclipseLogger - skip non existing resourceDirectory D:\tools\eclipse\workspaces\instachat-core\core\src\test\resources
2016-01-14 21:46:05,880 [Worker-2] INFO  o.e.m.c.i.embedder.EclipseLogger - Using 'UTF-8' encoding to copy filtered resources.
2016-01-14 21:46:05,880 [Worker-2] INFO  o.e.m.c.i.embedder.EclipseLogger - skip non existing resourceDirectory D:\tools\eclipse\workspaces\instachat-core\core\src\main\resources
2016-01-14 21:46:05,880 [Worker-2] INFO  o.e.m.c.i.embedder.EclipseLogger - skip non existing resourceDirectory D:\tools\eclipse\workspaces\instachat-core\core\src\main\resources
2016-01-14 21:46:05,881 [Worker-2] INFO  o.e.m.c.i.embedder.EclipseLogger - Using 'UTF-8' encoding to copy filtered resources.
2016-01-14 21:46:05,882 [Worker-2] INFO  o.e.m.c.i.embedder.EclipseLogger - skip non existing resourceDirectory D:\tools\eclipse\workspaces\instachat-core\core\src\test\resources
2016-01-14 21:46:09,764 [Worker-2] INFO  o.e.m.c.i.embedder.EclipseLogger - Using 'UTF-8' encoding to copy filtered resources.
2016-01-14 21:46:09,764 [Worker-2] INFO  o.e.m.c.i.embedder.EclipseLogger - skip non existing resourceDirectory D:\tools\eclipse\workspaces\instachat-core\core\src\main\resources
2016-01-14 21:46:09,764 [Worker-2] INFO  o.e.m.c.i.embedder.EclipseLogger - skip non existing resourceDirectory D:\tools\eclipse\workspaces\instachat-core\core\src\main\resources
2016-01-14 21:46:09,765 [Worker-2] INFO  o.e.m.c.i.embedder.EclipseLogger - Using 'UTF-8' encoding to copy filtered resources.
2016-01-14 21:46:09,766 [Worker-2] INFO  o.e.m.c.i.embedder.EclipseLogger - skip non existing resourceDirectory D:\tools\eclipse\workspaces\instachat-core\core\src\test\resources
2016-01-14 21:46:15,835 [Worker-27] INFO  o.e.m.c.i.embedder.EclipseLogger - Using 'UTF-8' encoding to copy filtered resources.
2016-01-14 21:46:15,836 [Worker-27] INFO  o.e.m.c.i.embedder.EclipseLogger - skip non existing resourceDirectory D:\tools\eclipse\workspaces\instachat-core\core\src\main\resources
2016-01-14 21:46:15,836 [Worker-27] INFO  o.e.m.c.i.embedder.EclipseLogger - skip non existing resourceDirectory D:\tools\eclipse\workspaces\instachat-core\core\src\main\resources
2016-01-14 21:46:15,838 [Worker-27] INFO  o.e.m.c.i.embedder.EclipseLogger - Using 'UTF-8' encoding to copy filtered resources.
2016-01-14 21:46:15,838 [Worker-27] INFO  o.e.m.c.i.embedder.EclipseLogger - skip non existing resourceDirectory D:\tools\eclipse\workspaces\instachat-core\core\src\test\resources
2016-01-14 21:46:28,199 [Worker-25] INFO  o.e.m.c.i.embedder.EclipseLogger - Using 'UTF-8' encoding to copy filtered resources.
2016-01-14 21:46:28,199 [Worker-25] INFO  o.e.m.c.i.embedder.EclipseLogger - skip non existing resourceDirectory D:\tools\eclipse\workspaces\instachat-core\core\src\main\resources
2016-01-14 21:46:28,199 [Worker-25] INFO  o.e.m.c.i.embedder.EclipseLogger - skip non existing resourceDirectory D:\tools\eclipse\workspaces\instachat-core\core\src\main\resources
2016-01-14 21:46:28,201 [Worker-25] INFO  o.e.m.c.i.embedder.EclipseLogger - Using 'UTF-8' encoding to copy filtered resources.
2016-01-14 21:46:28,201 [Worker-25] INFO  o.e.m.c.i.embedder.EclipseLogger - skip non existing resourceDirectory D:\tools\eclipse\workspaces\instachat-core\core\src\test\resources
2016-01-14 21:46:29,227 [Worker-28] INFO  o.e.m.c.i.embedder.EclipseLogger - Using 'UTF-8' encoding to copy filtered resources.
2016-01-14 21:46:29,227 [Worker-28] INFO  o.e.m.c.i.embedder.EclipseLogger - skip non existing resourceDirectory D:\tools\eclipse\workspaces\instachat-core\core\src\main\resources
2016-01-14 21:46:29,227 [Worker-28] INFO  o.e.m.c.i.embedder.EclipseLogger - skip non existing resourceDirectory D:\tools\eclipse\workspaces\instachat-core\core\src\main\resources
2016-01-14 21:46:29,228 [Worker-28] INFO  o.e.m.c.i.embedder.EclipseLogger - Using 'UTF-8' encoding to copy filtered resources.
2016-01-14 21:46:29,228 [Worker-28] INFO  o.e.m.c.i.embedder.EclipseLogger - skip non existing resourceDirectory D:\tools\eclipse\workspaces\instachat-core\core\src\test\resources
2016-01-14 21:50:26,705 [Worker-33] INFO  o.e.m.c.i.l.LifecycleMappingFactory - Using org.eclipse.m2e.jdt.JarLifecycleMapping lifecycle mapping for MavenProject: br.com.instachat:core:0.0.1-SNAPSHOT @ D:\tools\eclipse\workspaces\instachat-core\core\pom.xml.
2016-01-14 21:50:32,072 [Worker-33] INFO  o.e.m.c.i.e.AbstractTransferListenerAdapter - Downloading https://repo.spring.io/libs-release/org/hibernate/hibernate-entitymanager/5.0.2.Final/hibernate-entitymanager-5.0.2.Final.pom
2016-01-14 21:50:32,776 [Worker-33] INFO  o.e.m.c.i.e.AbstractTransferListenerAdapter - Downloaded https://repo.spring.io/libs-release/org/hibernate/hibernate-entitymanager/5.0.2.Final/hibernate-entitymanager-5.0.2.Final.pom
2016-01-14 21:50:33,089 [Worker-33] INFO  o.e.m.c.i.e.AbstractTransferListenerAdapter - Downloading https://repo.spring.io/libs-release/org/hibernate/hibernate-core/4.3.11.Final/hibernate-core-4.3.11.Final.pom
2016-01-14 21:50:33,315 [Worker-33] INFO  o.e.m.c.i.e.AbstractTransferListenerAdapter - Downloaded https://repo.spring.io/libs-release/org/hibernate/hibernate-core/4.3.11.Final/hibernate-core-4.3.11.Final.pom
2016-01-14 21:50:33,543 [Worker-33] INFO  o.e.m.c.i.e.AbstractTransferListenerAdapter - Downloading https://repo.spring.io/libs-release/org/jboss/logging/jboss-logging-annotations/1.2.0.Beta1/jboss-logging-annotations-1.2.0.Beta1.pom
2016-01-14 21:50:33,783 [Worker-33] INFO  o.e.m.c.i.e.AbstractTransferListenerAdapter - Downloaded https://repo.spring.io/libs-release/org/jboss/logging/jboss-logging-annotations/1.2.0.Beta1/jboss-logging-annotations-1.2.0.Beta1.pom
2016-01-14 21:50:34,016 [Worker-33] INFO  o.e.m.c.i.e.AbstractTransferListenerAdapter - Downloading https://repo.spring.io/libs-release/org/jboss/logging/jboss-logging-tools-parent/1.2.0.Beta1/jboss-logging-tools-parent-1.2.0.Beta1.pom
2016-01-14 21:50:34,410 [Worker-33] INFO  o.e.m.c.i.e.AbstractTransferListenerAdapter - Downloaded https://repo.spring.io/libs-release/org/jboss/logging/jboss-logging-tools-parent/1.2.0.Beta1/jboss-logging-tools-parent-1.2.0.Beta1.pom
2016-01-14 21:50:34,655 [Worker-33] INFO  o.e.m.c.i.e.AbstractTransferListenerAdapter - Downloading https://repo.spring.io/libs-release/org/jboss/jboss-parent/10/jboss-parent-10.pom
2016-01-14 21:50:35,262 [Worker-33] INFO  o.e.m.c.i.e.AbstractTransferListenerAdapter - Downloaded https://repo.spring.io/libs-release/org/jboss/jboss-parent/10/jboss-parent-10.pom
2016-01-14 21:50:35,529 [Worker-33] INFO  o.e.m.c.i.e.AbstractTransferListenerAdapter - Downloading https://repo.spring.io/libs-release/org/jboss/spec/javax/transaction/jboss-transaction-api_1.2_spec/1.0.0.Final/jboss-transaction-api_1.2_spec-1.0.0.Final.pom
2016-01-14 21:50:35,937 [Worker-33] INFO  o.e.m.c.i.e.AbstractTransferListenerAdapter - Downloaded https://repo.spring.io/libs-release/org/jboss/spec/javax/transaction/jboss-transaction-api_1.2_spec/1.0.0.Final/jboss-transaction-api_1.2_spec-1.0.0.Final.pom
2016-01-14 21:50:36,185 [Worker-33] INFO  o.e.m.c.i.e.AbstractTransferListenerAdapter - Downloading https://repo.spring.io/libs-release/dom4j/dom4j/1.6.1/dom4j-1.6.1.pom
2016-01-14 21:50:36,412 [Worker-33] INFO  o.e.m.c.i.e.AbstractTransferListenerAdapter - Downloaded https://repo.spring.io/libs-release/dom4j/dom4j/1.6.1/dom4j-1.6.1.pom
2016-01-14 21:50:36,643 [Worker-33] INFO  o.e.m.c.i.e.AbstractTransferListenerAdapter - Downloading https://repo.spring.io/libs-release/xml-apis/xml-apis/1.0.b2/xml-apis-1.0.b2.pom
2016-01-14 21:50:37,144 [Worker-33] INFO  o.e.m.c.i.e.AbstractTransferListenerAdapter - Downloaded https://repo.spring.io/libs-release/xml-apis/xml-apis/1.0.b2/xml-apis-1.0.b2.pom
2016-01-14 21:50:37,467 [Worker-33] INFO  o.e.m.c.i.e.AbstractTransferListenerAdapter - Downloading https://repo.spring.io/libs-release/org/hibernate/common/hibernate-commons-annotations/4.0.5.Final/hibernate-commons-annotations-4.0.5.Final.pom
2016-01-14 21:50:37,734 [Worker-33] INFO  o.e.m.c.i.e.AbstractTransferListenerAdapter - Downloaded https://repo.spring.io/libs-release/org/hibernate/common/hibernate-commons-annotations/4.0.5.Final/hibernate-commons-annotations-4.0.5.Final.pom
2016-01-14 21:50:37,992 [Worker-33] INFO  o.e.m.c.i.e.AbstractTransferListenerAdapter - Downloading https://repo.spring.io/libs-release/org/hibernate/javax/persistence/hibernate-jpa-2.1-api/1.0.0.Final/hibernate-jpa-2.1-api-1.0.0.Final.pom
2016-01-14 21:50:38,411 [Worker-33] INFO  o.e.m.c.i.e.AbstractTransferListenerAdapter - Downloaded https://repo.spring.io/libs-release/org/hibernate/javax/persistence/hibernate-jpa-2.1-api/1.0.0.Final/hibernate-jpa-2.1-api-1.0.0.Final.pom
2016-01-14 21:50:38,726 [Worker-33] INFO  o.e.m.c.i.e.AbstractTransferListenerAdapter - Downloading https://repo.spring.io/libs-release/org/javassist/javassist/3.18.1-GA/javassist-3.18.1-GA.pom
2016-01-14 21:50:39,138 [Worker-33] INFO  o.e.m.c.i.e.AbstractTransferListenerAdapter - Downloaded https://repo.spring.io/libs-release/org/javassist/javassist/3.18.1-GA/javassist-3.18.1-GA.pom
2016-01-14 21:50:39,593 [Worker-33] INFO  o.e.m.c.i.e.AbstractTransferListenerAdapter - Downloading https://repo.spring.io/libs-release/antlr/antlr/2.7.7/antlr-2.7.7.pom
2016-01-14 21:50:39,847 [Worker-33] INFO  o.e.m.c.i.e.AbstractTransferListenerAdapter - Downloaded https://repo.spring.io/libs-release/antlr/antlr/2.7.7/antlr-2.7.7.pom
2016-01-14 21:50:40,190 [Worker-33] INFO  o.e.m.c.i.e.AbstractTransferListenerAdapter - Downloading https://repo.spring.io/libs-release/org/jboss/jandex/1.1.0.Final/jandex-1.1.0.Final.pom
2016-01-14 21:50:40,432 [Worker-33] INFO  o.e.m.c.i.e.AbstractTransferListenerAdapter - Downloaded https://repo.spring.io/libs-release/org/jboss/jandex/1.1.0.Final/jandex-1.1.0.Final.pom
2016-01-14 21:50:40,665 [Worker-33] INFO  o.e.m.c.i.e.AbstractTransferListenerAdapter - Downloading https://repo.spring.io/libs-release/org/jboss/jboss-parent/5/jboss-parent-5.pom
2016-01-14 21:50:41,128 [Worker-33] INFO  o.e.m.c.i.e.AbstractTransferListenerAdapter - Downloaded https://repo.spring.io/libs-release/org/jboss/jboss-parent/5/jboss-parent-5.pom
2016-01-14 21:50:41,363 [Worker-33] INFO  o.e.m.c.i.e.AbstractTransferListenerAdapter - Downloading https://repo.spring.io/libs-release/org/hibernate/common/hibernate-commons-annotations/5.0.0.Final/hibernate-commons-annotations-5.0.0.Final.pom
2016-01-14 21:50:41,628 [Worker-33] INFO  o.e.m.c.i.e.AbstractTransferListenerAdapter - Downloaded https://repo.spring.io/libs-release/org/hibernate/common/hibernate-commons-annotations/5.0.0.Final/hibernate-commons-annotations-5.0.0.Final.pom
2016-01-14 21:50:41,875 [Worker-33] INFO  o.e.m.c.i.e.AbstractTransferListenerAdapter - Downloading https://repo.spring.io/libs-release/org/apache/geronimo/specs/geronimo-jta_1.1_spec/1.1.1/geronimo-jta_1.1_spec-1.1.1.pom
2016-01-14 21:50:42,099 [Worker-33] INFO  o.e.m.c.i.e.AbstractTransferListenerAdapter - Downloaded https://repo.spring.io/libs-release/org/apache/geronimo/specs/geronimo-jta_1.1_spec/1.1.1/geronimo-jta_1.1_spec-1.1.1.pom
2016-01-14 21:50:42,355 [Worker-33] INFO  o.e.m.c.i.e.AbstractTransferListenerAdapter - Downloading https://repo.spring.io/libs-release/org/apache/geronimo/specs/specs/1.4/specs-1.4.pom
2016-01-14 21:50:42,898 [Worker-33] INFO  o.e.m.c.i.e.AbstractTransferListenerAdapter - Downloaded https://repo.spring.io/libs-release/org/apache/geronimo/specs/specs/1.4/specs-1.4.pom
2016-01-14 21:50:43,273 [Worker-33] INFO  o.e.m.c.i.e.AbstractTransferListenerAdapter - Downloading https://repo.spring.io/libs-release/org/apache/geronimo/genesis/config/project-config/1.2/project-config-1.2.pom
2016-01-14 21:50:43,740 [Worker-33] INFO  o.e.m.c.i.e.AbstractTransferListenerAdapter - Downloaded https://repo.spring.io/libs-release/org/apache/geronimo/genesis/config/project-config/1.2/project-config-1.2.pom
2016-01-14 21:50:43,980 [Worker-33] INFO  o.e.m.c.i.e.AbstractTransferListenerAdapter - Downloading https://repo.spring.io/libs-release/org/apache/geronimo/genesis/config/config/1.2/config-1.2.pom
2016-01-14 21:50:44,202 [Worker-33] INFO  o.e.m.c.i.e.AbstractTransferListenerAdapter - Downloaded https://repo.spring.io/libs-release/org/apache/geronimo/genesis/config/config/1.2/config-1.2.pom
2016-01-14 21:50:44,434 [Worker-33] INFO  o.e.m.c.i.e.AbstractTransferListenerAdapter - Downloading https://repo.spring.io/libs-release/org/apache/geronimo/genesis/genesis/1.2/genesis-1.2.pom
2016-01-14 21:50:44,659 [Worker-33] INFO  o.e.m.c.i.e.AbstractTransferListenerAdapter - Downloaded https://repo.spring.io/libs-release/org/apache/geronimo/genesis/genesis/1.2/genesis-1.2.pom
2016-01-14 21:50:45,902 [Worker-33] INFO  o.e.m.c.i.e.AbstractTransferListenerAdapter - Downloading https://repo.spring.io/libs-release/org/hibernate/hibernate-entitymanager/5.0.2.Final/hibernate-entitymanager-5.0.2.Final.jar
2016-01-14 21:50:48,982 [Worker-33] INFO  o.e.m.c.i.e.AbstractTransferListenerAdapter - Downloaded https://repo.spring.io/libs-release/org/hibernate/hibernate-entitymanager/5.0.2.Final/hibernate-entitymanager-5.0.2.Final.jar
2016-01-14 21:50:49,232 [Worker-33] INFO  o.e.m.c.i.e.AbstractTransferListenerAdapter - Downloading https://repo.spring.io/libs-release/org/hibernate/hibernate-core/4.3.11.Final/hibernate-core-4.3.11.Final.jar
2016-01-14 21:51:07,804 [Worker-33] INFO  o.e.m.c.i.e.AbstractTransferListenerAdapter - Downloaded https://repo.spring.io/libs-release/org/hibernate/hibernate-core/4.3.11.Final/hibernate-core-4.3.11.Final.jar
2016-01-14 21:51:08,264 [Worker-33] INFO  o.e.m.c.i.e.AbstractTransferListenerAdapter - Downloading https://repo.spring.io/libs-release/org/jboss/logging/jboss-logging-annotations/1.2.0.Beta1/jboss-logging-annotations-1.2.0.Beta1.jar
2016-01-14 21:51:08,802 [Worker-33] INFO  o.e.m.c.i.e.AbstractTransferListenerAdapter - Downloaded https://repo.spring.io/libs-release/org/jboss/logging/jboss-logging-annotations/1.2.0.Beta1/jboss-logging-annotations-1.2.0.Beta1.jar
2016-01-14 21:51:09,302 [Worker-33] INFO  o.e.m.c.i.e.AbstractTransferListenerAdapter - Downloading https://repo.spring.io/libs-release/org/jboss/spec/javax/transaction/jboss-transaction-api_1.2_spec/1.0.0.Final/jboss-transaction-api_1.2_spec-1.0.0.Final.jar
2016-01-14 21:51:09,806 [Worker-33] INFO  o.e.m.c.i.e.AbstractTransferListenerAdapter - Downloaded https://repo.spring.io/libs-release/org/jboss/spec/javax/transaction/jboss-transaction-api_1.2_spec/1.0.0.Final/jboss-transaction-api_1.2_spec-1.0.0.Final.jar
2016-01-14 21:51:10,326 [Worker-33] INFO  o.e.m.c.i.e.AbstractTransferListenerAdapter - Downloading https://repo.spring.io/libs-release/antlr/antlr/2.7.7/antlr-2.7.7.jar
2016-01-14 21:51:12,287 [Worker-33] INFO  o.e.m.c.i.e.AbstractTransferListenerAdapter - Downloaded https://repo.spring.io/libs-release/antlr/antlr/2.7.7/antlr-2.7.7.jar
2016-01-14 21:51:12,726 [Worker-33] INFO  o.e.m.c.i.e.AbstractTransferListenerAdapter - Downloading https://repo.spring.io/libs-release/org/jboss/jandex/1.1.0.Final/jandex-1.1.0.Final.jar
2016-01-14 21:51:13,238 [Worker-33] INFO  o.e.m.c.i.e.AbstractTransferListenerAdapter - Downloaded https://repo.spring.io/libs-release/org/jboss/jandex/1.1.0.Final/jandex-1.1.0.Final.jar
2016-01-14 21:51:13,663 [Worker-33] INFO  o.e.m.c.i.e.AbstractTransferListenerAdapter - Downloading https://repo.spring.io/libs-release/dom4j/dom4j/1.6.1/dom4j-1.6.1.jar
2016-01-14 21:51:14,881 [Worker-33] INFO  o.e.m.c.i.e.AbstractTransferListenerAdapter - Downloaded https://repo.spring.io/libs-release/dom4j/dom4j/1.6.1/dom4j-1.6.1.jar
2016-01-14 21:51:15,417 [Worker-33] INFO  o.e.m.c.i.e.AbstractTransferListenerAdapter - Downloading https://repo.spring.io/libs-release/xml-apis/xml-apis/1.0.b2/xml-apis-1.0.b2.jar
2016-01-14 21:51:15,978 [Worker-33] INFO  o.e.m.c.i.e.AbstractTransferListenerAdapter - Downloaded https://repo.spring.io/libs-release/xml-apis/xml-apis/1.0.b2/xml-apis-1.0.b2.jar
2016-01-14 21:51:16,363 [Worker-33] INFO  o.e.m.c.i.e.AbstractTransferListenerAdapter - Downloading https://repo.spring.io/libs-release/org/hibernate/common/hibernate-commons-annotations/5.0.0.Final/hibernate-commons-annotations-5.0.0.Final.jar
2016-01-14 21:51:16,959 [Worker-33] INFO  o.e.m.c.i.e.AbstractTransferListenerAdapter - Downloaded https://repo.spring.io/libs-release/org/hibernate/common/hibernate-commons-annotations/5.0.0.Final/hibernate-commons-annotations-5.0.0.Final.jar
2016-01-14 21:51:17,421 [Worker-33] INFO  o.e.m.c.i.e.AbstractTransferListenerAdapter - Downloading https://repo.spring.io/libs-release/org/hibernate/javax/persistence/hibernate-jpa-2.1-api/1.0.0.Final/hibernate-jpa-2.1-api-1.0.0.Final.jar
2016-01-14 21:51:18,088 [Worker-33] INFO  o.e.m.c.i.e.AbstractTransferListenerAdapter - Downloaded https://repo.spring.io/libs-release/org/hibernate/javax/persistence/hibernate-jpa-2.1-api/1.0.0.Final/hibernate-jpa-2.1-api-1.0.0.Final.jar
2016-01-14 21:51:18,620 [Worker-33] INFO  o.e.m.c.i.e.AbstractTransferListenerAdapter - Downloading https://repo.spring.io/libs-release/org/apache/geronimo/specs/geronimo-jta_1.1_spec/1.1.1/geronimo-jta_1.1_spec-1.1.1.jar
2016-01-14 21:51:19,416 [Worker-33] INFO  o.e.m.c.i.e.AbstractTransferListenerAdapter - Downloaded https://repo.spring.io/libs-release/org/apache/geronimo/specs/geronimo-jta_1.1_spec/1.1.1/geronimo-jta_1.1_spec-1.1.1.jar
2016-01-14 21:51:19,946 [Worker-33] INFO  o.e.m.c.i.e.AbstractTransferListenerAdapter - Downloading https://repo.spring.io/libs-release/org/javassist/javassist/3.18.1-GA/javassist-3.18.1-GA.jar
2016-01-14 21:51:22,946 [Worker-33] INFO  o.e.m.c.i.e.AbstractTransferListenerAdapter - Downloaded https://repo.spring.io/libs-release/org/javassist/javassist/3.18.1-GA/javassist-3.18.1-GA.jar
2016-01-14 21:51:28,285 [Worker-33] INFO  o.e.m.c.i.embedder.EclipseLogger - Using 'UTF-8' encoding to copy filtered resources.
2016-01-14 21:51:28,285 [Worker-33] INFO  o.e.m.c.i.embedder.EclipseLogger - skip non existing resourceDirectory D:\tools\eclipse\workspaces\instachat-core\core\src\main\resources
2016-01-14 21:51:28,286 [Worker-33] INFO  o.e.m.c.i.embedder.EclipseLogger - skip non existing resourceDirectory D:\tools\eclipse\workspaces\instachat-core\core\src\main\resources
2016-01-14 21:51:28,288 [Worker-33] INFO  o.e.m.c.i.embedder.EclipseLogger - Using 'UTF-8' encoding to copy filtered resources.
2016-01-14 21:51:28,288 [Worker-33] INFO  o.e.m.c.i.embedder.EclipseLogger - skip non existing resourceDirectory D:\tools\eclipse\workspaces\instachat-core\core\src\test\resources
2016-01-14 21:51:29,205 [Worker-33] INFO  o.e.m.c.i.p.ProjectConfigurationManager - Update started
2016-01-14 21:51:30,044 [Worker-33] INFO  o.e.m.c.i.l.LifecycleMappingFactory - Using org.eclipse.m2e.jdt.JarLifecycleMapping lifecycle mapping for MavenProject: br.com.instachat:core:0.0.1-SNAPSHOT @ D:\tools\eclipse\workspaces\instachat-core\core\pom.xml.
2016-01-14 21:51:31,016 [Worker-33] INFO  o.e.m.j.i.AbstractJavaProjectConfigurator - Adding source folder /core/src/main/java
2016-01-14 21:51:31,016 [Worker-33] INFO  o.e.m.j.i.AbstractJavaProjectConfigurator - Adding source folder /core/src/test/java
2016-01-14 21:51:31,315 [Worker-33] INFO  o.e.m.c.i.p.ProjectConfigurationManager - Update completed: 2 sec
2016-01-14 21:51:36,741 [Worker-33] INFO  o.e.m.c.i.embedder.EclipseLogger - Using 'UTF-8' encoding to copy filtered resources.
2016-01-14 21:51:36,742 [Worker-33] INFO  o.e.m.c.i.embedder.EclipseLogger - skip non existing resourceDirectory D:\tools\eclipse\workspaces\instachat-core\core\src\main\resources
2016-01-14 21:51:36,742 [Worker-33] INFO  o.e.m.c.i.embedder.EclipseLogger - skip non existing resourceDirectory D:\tools\eclipse\workspaces\instachat-core\core\src\main\resources
2016-01-14 21:51:36,744 [Worker-33] INFO  o.e.m.c.i.embedder.EclipseLogger - Using 'UTF-8' encoding to copy filtered resources.
2016-01-14 21:51:36,744 [Worker-33] INFO  o.e.m.c.i.embedder.EclipseLogger - skip non existing resourceDirectory D:\tools\eclipse\workspaces\instachat-core\core\src\test\resources
2016-01-14 21:52:08,618 [Worker-33] INFO  o.e.m.c.i.embedder.EclipseLogger - Using 'UTF-8' encoding to copy filtered resources.
2016-01-14 21:52:08,618 [Worker-33] INFO  o.e.m.c.i.embedder.EclipseLogger - skip non existing resourceDirectory D:\tools\eclipse\workspaces\instachat-core\core\src\main\resources
2016-01-14 21:52:08,618 [Worker-33] INFO  o.e.m.c.i.embedder.EclipseLogger - skip non existing resourceDirectory D:\tools\eclipse\workspaces\instachat-core\core\src\main\resources
2016-01-14 21:52:08,619 [Worker-33] INFO  o.e.m.c.i.embedder.EclipseLogger - Using 'UTF-8' encoding to copy filtered resources.
2016-01-14 21:52:08,619 [Worker-33] INFO  o.e.m.c.i.embedder.EclipseLogger - skip non existing resourceDirectory D:\tools\eclipse\workspaces\instachat-core\core\src\test\resources
2016-01-14 21:52:10,163 [Worker-34] INFO  o.e.m.c.i.embedder.EclipseLogger - Using 'UTF-8' encoding to copy filtered resources.
2016-01-14 21:52:10,163 [Worker-34] INFO  o.e.m.c.i.embedder.EclipseLogger - skip non existing resourceDirectory D:\tools\eclipse\workspaces\instachat-core\core\src\main\resources
2016-01-14 21:52:10,163 [Worker-34] INFO  o.e.m.c.i.embedder.EclipseLogger - skip non existing resourceDirectory D:\tools\eclipse\workspaces\instachat-core\core\src\main\resources
2016-01-14 21:52:10,165 [Worker-34] INFO  o.e.m.c.i.embedder.EclipseLogger - Using 'UTF-8' encoding to copy filtered resources.
2016-01-14 21:52:10,165 [Worker-34] INFO  o.e.m.c.i.embedder.EclipseLogger - skip non existing resourceDirectory D:\tools\eclipse\workspaces\instachat-core\core\src\test\resources
2016-01-14 21:52:31,428 [Worker-24] INFO  o.e.m.c.i.embedder.EclipseLogger - Using 'UTF-8' encoding to copy filtered resources.
2016-01-14 21:52:31,428 [Worker-24] INFO  o.e.m.c.i.embedder.EclipseLogger - skip non existing resourceDirectory D:\tools\eclipse\workspaces\instachat-core\core\src\main\resources
2016-01-14 21:52:31,428 [Worker-24] INFO  o.e.m.c.i.embedder.EclipseLogger - skip non existing resourceDirectory D:\tools\eclipse\workspaces\instachat-core\core\src\main\resources
2016-01-14 21:52:31,429 [Worker-24] INFO  o.e.m.c.i.embedder.EclipseLogger - Using 'UTF-8' encoding to copy filtered resources.
2016-01-14 21:52:31,429 [Worker-24] INFO  o.e.m.c.i.embedder.EclipseLogger - skip non existing resourceDirectory D:\tools\eclipse\workspaces\instachat-core\core\src\test\resources
2016-01-14 21:53:26,671 [Worker-35] INFO  o.e.m.c.i.embedder.EclipseLogger - Using 'UTF-8' encoding to copy filtered resources.
2016-01-14 21:53:26,671 [Worker-35] INFO  o.e.m.c.i.embedder.EclipseLogger - skip non existing resourceDirectory D:\tools\eclipse\workspaces\instachat-core\core\src\main\resources
2016-01-14 21:53:26,671 [Worker-35] INFO  o.e.m.c.i.embedder.EclipseLogger - skip non existing resourceDirectory D:\tools\eclipse\workspaces\instachat-core\core\src\main\resources
2016-01-14 21:53:26,672 [Worker-35] INFO  o.e.m.c.i.embedder.EclipseLogger - Using 'UTF-8' encoding to copy filtered resources.
2016-01-14 21:53:26,672 [Worker-35] INFO  o.e.m.c.i.embedder.EclipseLogger - skip non existing resourceDirectory D:\tools\eclipse\workspaces\instachat-core\core\src\test\resources
2016-01-14 21:54:30,653 [Worker-37] INFO  o.e.m.c.i.embedder.EclipseLogger - Using 'UTF-8' encoding to copy filtered resources.
2016-01-14 21:54:30,653 [Worker-37] INFO  o.e.m.c.i.embedder.EclipseLogger - skip non existing resourceDirectory D:\tools\eclipse\workspaces\instachat-core\core\src\main\resources
2016-01-14 21:54:30,653 [Worker-37] INFO  o.e.m.c.i.embedder.EclipseLogger - skip non existing resourceDirectory D:\tools\eclipse\workspaces\instachat-core\core\src\main\resources
2016-01-14 21:54:30,655 [Worker-37] INFO  o.e.m.c.i.embedder.EclipseLogger - Using 'UTF-8' encoding to copy filtered resources.
2016-01-14 21:54:30,656 [Worker-37] INFO  o.e.m.c.i.embedder.EclipseLogger - skip non existing resourceDirectory D:\tools\eclipse\workspaces\instachat-core\core\src\test\resources
2016-01-14 21:54:33,783 [Worker-32] INFO  o.e.m.c.i.embedder.EclipseLogger - Using 'UTF-8' encoding to copy filtered resources.
2016-01-14 21:54:33,784 [Worker-32] INFO  o.e.m.c.i.embedder.EclipseLogger - skip non existing resourceDirectory D:\tools\eclipse\workspaces\instachat-core\core\src\main\resources
2016-01-14 21:54:33,784 [Worker-32] INFO  o.e.m.c.i.embedder.EclipseLogger - skip non existing resourceDirectory D:\tools\eclipse\workspaces\instachat-core\core\src\main\resources
2016-01-14 21:54:33,786 [Worker-32] INFO  o.e.m.c.i.embedder.EclipseLogger - Using 'UTF-8' encoding to copy filtered resources.
2016-01-14 21:54:33,786 [Worker-32] INFO  o.e.m.c.i.embedder.EclipseLogger - skip non existing resourceDirectory D:\tools\eclipse\workspaces\instachat-core\core\src\test\resources
2016-01-14 21:54:38,024 [Worker-38] INFO  o.e.m.c.i.embedder.EclipseLogger - Using 'UTF-8' encoding to copy filtered resources.
2016-01-14 21:54:38,025 [Worker-38] INFO  o.e.m.c.i.embedder.EclipseLogger - skip non existing resourceDirectory D:\tools\eclipse\workspaces\instachat-core\core\src\main\resources
2016-01-14 21:54:38,025 [Worker-38] INFO  o.e.m.c.i.embedder.EclipseLogger - skip non existing resourceDirectory D:\tools\eclipse\workspaces\instachat-core\core\src\main\resources
2016-01-14 21:54:38,028 [Worker-38] INFO  o.e.m.c.i.embedder.EclipseLogger - Using 'UTF-8' encoding to copy filtered resources.
2016-01-14 21:54:38,028 [Worker-38] INFO  o.e.m.c.i.embedder.EclipseLogger - skip non existing resourceDirectory D:\tools\eclipse\workspaces\instachat-core\core\src\test\resources
2016-01-14 21:54:52,239 [Worker-35] INFO  o.e.m.c.i.embedder.EclipseLogger - Using 'UTF-8' encoding to copy filtered resources.
2016-01-14 21:54:52,239 [Worker-35] INFO  o.e.m.c.i.embedder.EclipseLogger - skip non existing resourceDirectory D:\tools\eclipse\workspaces\instachat-core\core\src\main\resources
2016-01-14 21:54:52,239 [Worker-35] INFO  o.e.m.c.i.embedder.EclipseLogger - skip non existing resourceDirectory D:\tools\eclipse\workspaces\instachat-core\core\src\main\resources
2016-01-14 21:54:52,241 [Worker-35] INFO  o.e.m.c.i.embedder.EclipseLogger - Using 'UTF-8' encoding to copy filtered resources.
2016-01-14 21:54:52,241 [Worker-35] INFO  o.e.m.c.i.embedder.EclipseLogger - skip non existing resourceDirectory D:\tools\eclipse\workspaces\instachat-core\core\src\test\resources
2016-01-14 21:55:34,465 [Worker-33] INFO  o.e.m.c.i.embedder.EclipseLogger - Using 'UTF-8' encoding to copy filtered resources.
2016-01-14 21:55:34,465 [Worker-33] INFO  o.e.m.c.i.embedder.EclipseLogger - skip non existing resourceDirectory D:\tools\eclipse\workspaces\instachat-core\core\src\main\resources
2016-01-14 21:55:34,465 [Worker-33] INFO  o.e.m.c.i.embedder.EclipseLogger - skip non existing resourceDirectory D:\tools\eclipse\workspaces\instachat-core\core\src\main\resources
2016-01-14 21:55:34,467 [Worker-33] INFO  o.e.m.c.i.embedder.EclipseLogger - Using 'UTF-8' encoding to copy filtered resources.
2016-01-14 21:55:34,467 [Worker-33] INFO  o.e.m.c.i.embedder.EclipseLogger - skip non existing resourceDirectory D:\tools\eclipse\workspaces\instachat-core\core\src\test\resources
2016-01-14 21:55:50,430 [Worker-33] INFO  o.e.m.c.i.embedder.EclipseLogger - Using 'UTF-8' encoding to copy filtered resources.
2016-01-14 21:55:50,430 [Worker-33] INFO  o.e.m.c.i.embedder.EclipseLogger - skip non existing resourceDirectory D:\tools\eclipse\workspaces\instachat-core\core\src\main\resources
2016-01-14 21:55:50,431 [Worker-33] INFO  o.e.m.c.i.embedder.EclipseLogger - skip non existing resourceDirectory D:\tools\eclipse\workspaces\instachat-core\core\src\main\resources
2016-01-14 21:55:50,432 [Worker-33] INFO  o.e.m.c.i.embedder.EclipseLogger - Using 'UTF-8' encoding to copy filtered resources.
2016-01-14 21:55:50,432 [Worker-33] INFO  o.e.m.c.i.embedder.EclipseLogger - skip non existing resourceDirectory D:\tools\eclipse\workspaces\instachat-core\core\src\test\resources
2016-01-14 21:56:10,822 [Worker-24] INFO  o.e.m.c.i.embedder.EclipseLogger - Using 'UTF-8' encoding to copy filtered resources.
2016-01-14 21:56:10,822 [Worker-24] INFO  o.e.m.c.i.embedder.EclipseLogger - skip non existing resourceDirectory D:\tools\eclipse\workspaces\instachat-core\core\src\main\resources
2016-01-14 21:56:10,822 [Worker-24] INFO  o.e.m.c.i.embedder.EclipseLogger - skip non existing resourceDirectory D:\tools\eclipse\workspaces\instachat-core\core\src\main\resources
2016-01-14 21:56:10,824 [Worker-24] INFO  o.e.m.c.i.embedder.EclipseLogger - Using 'UTF-8' encoding to copy filtered resources.
2016-01-14 21:56:10,824 [Worker-24] INFO  o.e.m.c.i.embedder.EclipseLogger - skip non existing resourceDirectory D:\tools\eclipse\workspaces\instachat-core\core\src\test\resources
2016-01-14 21:56:50,217 [Worker-37] INFO  o.e.m.c.i.embedder.EclipseLogger - Using 'UTF-8' encoding to copy filtered resources.
2016-01-14 21:56:50,217 [Worker-37] INFO  o.e.m.c.i.embedder.EclipseLogger - skip non existing resourceDirectory D:\tools\eclipse\workspaces\instachat-core\core\src\main\resources
2016-01-14 21:56:50,217 [Worker-37] INFO  o.e.m.c.i.embedder.EclipseLogger - skip non existing resourceDirectory D:\tools\eclipse\workspaces\instachat-core\core\src\main\resources
2016-01-14 21:56:50,218 [Worker-37] INFO  o.e.m.c.i.embedder.EclipseLogger - Using 'UTF-8' encoding to copy filtered resources.
2016-01-14 21:56:50,219 [Worker-37] INFO  o.e.m.c.i.embedder.EclipseLogger - skip non existing resourceDirectory D:\tools\eclipse\workspaces\instachat-core\core\src\test\resources
2016-01-14 21:57:38,667 [Worker-24] INFO  o.e.m.c.i.embedder.EclipseLogger - Using 'UTF-8' encoding to copy filtered resources.
2016-01-14 21:57:38,667 [Worker-24] INFO  o.e.m.c.i.embedder.EclipseLogger - skip non existing resourceDirectory D:\tools\eclipse\workspaces\instachat-core\core\src\main\resources
2016-01-14 21:57:38,667 [Worker-24] INFO  o.e.m.c.i.embedder.EclipseLogger - skip non existing resourceDirectory D:\tools\eclipse\workspaces\instachat-core\core\src\main\resources
2016-01-14 21:57:38,669 [Worker-24] INFO  o.e.m.c.i.embedder.EclipseLogger - Using 'UTF-8' encoding to copy filtered resources.
2016-01-14 21:57:38,669 [Worker-24] INFO  o.e.m.c.i.embedder.EclipseLogger - skip non existing resourceDirectory D:\tools\eclipse\workspaces\instachat-core\core\src\test\resources
